
Jun 20 16:53:18  [info] Contribution record updated successfully

Jun 20 16:53:31  [info] Ignoring exception thrown by nullHandler: 10002,  authentication failure [SMTP: Invalid response code received from SMTP server while sending email.  This is often caused by a misconfiguration in Outbound Email settings. Please verify the settings at Administer CiviCRM >> Global Settings >> Outbound Email (SMTP). (code: 435, response: 4.7.8 Error: authentication failed: cmVhbG09IiIsbm9uY2U9IlJXTjYvWHVDaEhiQVJ4TTBxVmNsUnc9PSIscW9wPSJhdXRoIixjaGFyc2V0PSJ1dGYtOCIsYWxnb3JpdGhtPSJtZDUtc2VzcyI=)]

Jun 20 16:53:31  [info] $backTrace = #0 /home/gstc/public_html/wp-content/plugins/civicrm/civicrm/CRM/Core/Error.php(946): CRM_Core_Error::backtrace("backTrace", TRUE)
#1 [internal function](): CRM_Core_Error::nullHandler(Object(PEAR_Error))
#2 /home/gstc/public_html/wp-content/plugins/civicrm/civicrm/packages/PEAR.php(921): call_user_func((Array:2), Object(PEAR_Error))
#3 /home/gstc/public_html/wp-content/plugins/civicrm/civicrm/packages/PEAR.php(577): PEAR_Error->__construct(" authentication failure [SMTP: Invalid response code received from SMTP serve...", 10002, 16, (Array:2), NULL)
#4 [internal function](): PEAR::_raiseError(NULL, " authentication failure [SMTP: Invalid response code received from SMTP serve...", 10002)
#5 /home/gstc/public_html/wp-content/plugins/civicrm/civicrm/packages/PEAR.php(237): call_user_func_array((Array:2), (Array:3))
#6 /home/gstc/public_html/wp-content/plugins/civicrm/civicrm/packages/Mail/smtp.php(389): PEAR::__callStatic("raiseError", (Array:2))
#7 /home/gstc/public_html/wp-content/plugins/civicrm/civicrm/packages/Mail/smtp.php(389): PEAR::raiseError(" authentication failure [SMTP: Invalid response code received from SMTP serve...", 10002)
#8 /home/gstc/public_html/wp-content/plugins/civicrm/civicrm/packages/Mail/smtp.php(255): Mail_smtp->getSMTPObject()
#9 /home/gstc/public_html/wp-content/plugins/civicrm/civicrm/CRM/Utils/Mail.php(280): Mail_smtp->send((Array:2), (Array:10), "--=_1d1188c753a7c4739dae4b6ea2b00038\nContent-Type: multipart/alternative;\n ...")
#10 /home/gstc/public_html/wp-content/plugins/civicrm/civicrm/CRM/Core/BAO/MessageTemplate.php(563): CRM_Utils_Mail::send((Array:19))
#11 /home/gstc/public_html/wp-content/uploads/civicrm/ext/com.civibridge.gstc/CRM/Contribute/BAO/ContributionPage.php(475): CRM_Core_BAO_MessageTemplate::sendTemplate((Array:13))
#12 /home/gstc/public_html/wp-content/uploads/civicrm/ext/com.civibridge.gstc/CRM/Contribute/BAO/Contribution.php(2639): CRM_Contribute_BAO_ContributionPage::sendMail("2768", (Array:43), FALSE, FALSE)
#13 /home/gstc/public_html/wp-content/uploads/civicrm/ext/com.civibridge.gstc/CRM/Contribute/BAO/Contribution.php(4805): CRM_Contribute_BAO_Contribution->composeMessageArray((Array:2), (Array:8), (Array:43), FALSE, FALSE)
#14 /home/gstc/public_html/wp-content/plugins/civicrm/civicrm/api/v3/Contribution.php(396): CRM_Contribute_BAO_Contribution::sendMail((Array:2), (Array:8), "1825", (Array:43))
#15 /home/gstc/public_html/wp-content/plugins/civicrm/civicrm/Civi/API/Provider/MagicFunctionProvider.php(89): civicrm_api3_contribution_sendconfirmation((Array:3))
#16 /home/gstc/public_html/wp-content/plugins/civicrm/civicrm/Civi/API/Kernel.php(161): Civi\API\Provider\MagicFunctionProvider->invoke((Array:9))
#17 /home/gstc/public_html/wp-content/plugins/civicrm/civicrm/Civi/API/Kernel.php(92): Civi\API\Kernel->runRequest((Array:7))
#18 /home/gstc/public_html/wp-content/plugins/civicrm/civicrm/api/api.php(43): Civi\API\Kernel->runSafe("Contribution", "sendconfirmation", (Array:3))
#19 /home/gstc/public_html/wp-content/uploads/civicrm/ext/com.civibridge.gstc/CRM/Contribute/BAO/Contribution.php(4748): civicrm_api3("Contribution", "sendconfirmation", (Array:2))
#20 /home/gstc/public_html/wp-content/plugins/civicrm/civicrm/api/v3/Contribution.php(644): CRM_Contribute_BAO_Contribution::completeOrder((Array:8), (Array:8), (Array:6), Object(CRM_Core_Transaction), FALSE, Object(CRM_Contribute_BAO_Contribution), FALSE, FALSE)
#21 /home/gstc/public_html/wp-content/plugins/civicrm/civicrm/api/v3/Contribution.php(485): _ipn_process_transaction((Array:7), Object(CRM_Contribute_BAO_Contribution), (Array:2), (Array:8))
#22 /home/gstc/public_html/wp-content/plugins/civicrm/civicrm/Civi/API/Provider/MagicFunctionProvider.php(89): civicrm_api3_contribution_completetransaction((Array:7))
#23 /home/gstc/public_html/wp-content/plugins/civicrm/civicrm/Civi/API/Kernel.php(161): Civi\API\Provider\MagicFunctionProvider->invoke((Array:9))
#24 /home/gstc/public_html/wp-content/plugins/civicrm/civicrm/Civi/API/Kernel.php(92): Civi\API\Kernel->runRequest((Array:7))
#25 /home/gstc/public_html/wp-content/plugins/civicrm/civicrm/api/api.php(43): Civi\API\Kernel->runSafe("contribution", "completetransaction", (Array:7))
#26 /home/gstc/public_html/wp-content/uploads/civicrm/ext/com.civibridge.gstc/CRM/Contribute/Form/Contribution/Confirm.php(2433): civicrm_api3("contribution", "completetransaction", (Array:6))
#27 /home/gstc/public_html/wp-content/uploads/civicrm/ext/com.civibridge.gstc/CRM/Contribute/Form/Contribution/Confirm.php(1675): CRM_Contribute_Form_Contribution_Confirm->completeTransaction((Array:2), 1825)
#28 /home/gstc/public_html/wp-content/uploads/civicrm/ext/com.civibridge.gstc/CRM/Contribute/Form/Contribution/Confirm.php(1404): CRM_Contribute_Form_Contribution_Confirm->postProcessMembership((Array:55), "2768", Object(CRM_Contribute_Form_Contribution_Confirm), (Array:46), (Array:0), (Array:3), (Array:13), (Array:1), TRUE, NULL, FALSE, "2", (Array:1), FALSE)
#29 /home/gstc/public_html/wp-content/uploads/civicrm/ext/com.civibridge.gstc/CRM/Contribute/Form/Contribution/Confirm.php(2392): CRM_Contribute_Form_Contribution_Confirm->processMembership((Array:55), "2768", (Array:0), (Array:3), (Array:46), (Array:1))
#30 /home/gstc/public_html/wp-content/uploads/civicrm/ext/com.civibridge.gstc/CRM/Contribute/Form/Contribution/Confirm.php(2263): CRM_Contribute_Form_Contribution_Confirm->doMembershipProcessing("2768", (Array:54), (Array:46), (Array:1))
#31 /home/gstc/public_html/wp-content/uploads/civicrm/ext/com.civibridge.gstc/CRM/Contribute/Form/Contribution/Confirm.php(716): CRM_Contribute_Form_Contribution_Confirm->processFormSubmission(NULL)
#32 /home/gstc/public_html/wp-content/plugins/civicrm/civicrm/CRM/Core/Form.php(435): CRM_Contribute_Form_Contribution_Confirm->postProcess()
#33 /home/gstc/public_html/wp-content/plugins/civicrm/civicrm/CRM/Contribute/Form/Contribution/Main.php(1302): CRM_Core_Form->mainProcess()
#34 /home/gstc/public_html/wp-content/plugins/civicrm/civicrm/CRM/Contribute/Form/Contribution/Main.php(1036): CRM_Contribute_Form_Contribution_Main->skipToThankYouPage()
#35 /home/gstc/public_html/wp-content/plugins/civicrm/civicrm/CRM/Core/Form.php(435): CRM_Contribute_Form_Contribution_Main->postProcess()
#36 /home/gstc/public_html/wp-content/plugins/civicrm/civicrm/CRM/Core/QuickForm/Action/Upload.php(169): CRM_Core_Form->mainProcess()
#37 /home/gstc/public_html/wp-content/plugins/civicrm/civicrm/CRM/Core/QuickForm/Action/Upload.php(136): CRM_Core_QuickForm_Action_Upload->realPerform(Object(CRM_Contribute_Form_Contribution_Main), "upload")
#38 /home/gstc/public_html/wp-content/plugins/civicrm/civicrm/packages/HTML/QuickForm/Controller.php(203): CRM_Core_QuickForm_Action_Upload->perform(Object(CRM_Contribute_Form_Contribution_Main), "upload")
#39 /home/gstc/public_html/wp-content/plugins/civicrm/civicrm/packages/HTML/QuickForm/Page.php(103): HTML_QuickForm_Controller->handle(Object(CRM_Contribute_Form_Contribution_Main), "upload")
#40 /home/gstc/public_html/wp-content/plugins/civicrm/civicrm/CRM/Core/Controller.php(351): HTML_QuickForm_Page->handle("upload")
#41 /home/gstc/public_html/wp-content/plugins/civicrm/civicrm/CRM/Core/Invoke.php(310): CRM_Core_Controller->run((Array:3), NULL)
#42 /home/gstc/public_html/wp-content/plugins/civicrm/civicrm/CRM/Core/Invoke.php(84): CRM_Core_Invoke::runItem((Array:15))
#43 /home/gstc/public_html/wp-content/plugins/civicrm/civicrm/CRM/Core/Invoke.php(52): CRM_Core_Invoke::_invoke((Array:3))
#44 /home/gstc/public_html/wp-content/plugins/civicrm/civicrm.php(1227): CRM_Core_Invoke::invoke((Array:3))
#45 /home/gstc/public_html/wp-content/plugins/civicrm/includes/civicrm.basepage.php(132): CiviCRM_For_WordPress->invoke()
#46 [internal function](): CiviCRM_For_WordPress_Basepage->basepage_handler(Object(WP))
#47 /home/gstc/public_html/wp-includes/class-wp-hook.php(298): call_user_func_array((Array:2), (Array:1))
#48 /home/gstc/public_html/wp-includes/class-wp-hook.php(323): WP_Hook->apply_filters("", (Array:1))
#49 /home/gstc/public_html/wp-includes/plugin.php(515): WP_Hook->do_action((Array:1))
#50 /home/gstc/public_html/wp-includes/class-wp.php(746): do_action_ref_array("wp", (Array:1))
#51 /home/gstc/public_html/wp-includes/functions.php(955): WP->main("")
#52 /home/gstc/public_html/wp-blog-header.php(16): wp()
#53 /home/gstc/public_html/index.php(17): require("/home/gstc/public_html/wp-blog-header.php")
#54 {main}


Jun 20 16:53:31  [info] Receipt sent

Jun 20 16:53:31  [info] Success: Database updated

Jun 20 16:53:39  [info] Ignoring exception thrown by nullHandler: 10005, Failed to add recipient: gotmailfor+ind8888@gmail.com [SMTP: Invalid response code received from SMTP server while sending email.  This is often caused by a misconfiguration in Outbound Email settings. Please verify the settings at Administer CiviCRM >> Global Settings >> Outbound Email (SMTP). (code: 454, response: 4.7.1 <gotmailfor+ind8888@gmail.com>: Relay access denied)]

Jun 20 16:53:39  [info] $backTrace = #0 /home/gstc/public_html/wp-content/plugins/civicrm/civicrm/CRM/Core/Error.php(946): CRM_Core_Error::backtrace("backTrace", TRUE)
#1 [internal function](): CRM_Core_Error::nullHandler(Object(PEAR_Error))
#2 /home/gstc/public_html/wp-content/plugins/civicrm/civicrm/packages/PEAR.php(921): call_user_func((Array:2), Object(PEAR_Error))
#3 /home/gstc/public_html/wp-content/plugins/civicrm/civicrm/packages/PEAR.php(577): PEAR_Error->__construct("Failed to add recipient: gotmailfor+ind8888@gmail.com [SMTP: Invalid response...", 10005, 16, (Array:2), NULL)
#4 [internal function](): PEAR::_raiseError(NULL, "Failed to add recipient: gotmailfor+ind8888@gmail.com [SMTP: Invalid response...", 10005)
#5 /home/gstc/public_html/wp-content/plugins/civicrm/civicrm/packages/PEAR.php(237): call_user_func_array((Array:2), (Array:3))
#6 /home/gstc/public_html/wp-content/plugins/civicrm/civicrm/packages/Mail/smtp.php(309): PEAR::__callStatic("raiseError", (Array:2))
#7 /home/gstc/public_html/wp-content/plugins/civicrm/civicrm/packages/Mail/smtp.php(309): PEAR::raiseError("Failed to add recipient: gotmailfor+ind8888@gmail.com [SMTP: Invalid response...", 10005)
#8 /home/gstc/public_html/wp-content/plugins/civicrm/civicrm/CRM/Utils/Mail.php(280): Mail_smtp->send((Array:2), (Array:10), "--=_4772884cbfc6d6a94bb73d829467546e\nContent-Type: multipart/alternative;\n ...")
#9 /home/gstc/public_html/wp-content/plugins/civicrm/civicrm/CRM/Core/BAO/MessageTemplate.php(563): CRM_Utils_Mail::send((Array:19))
#10 /home/gstc/public_html/wp-content/uploads/civicrm/ext/com.civibridge.gstc/CRM/Contribute/BAO/ContributionPage.php(475): CRM_Core_BAO_MessageTemplate::sendTemplate((Array:13))
#11 /home/gstc/public_html/wp-content/uploads/civicrm/ext/com.civibridge.gstc/CRM/Contribute/Form/Contribution/Confirm.php(1683): CRM_Contribute_BAO_ContributionPage::sendMail("2768", (Array:108), FALSE, FALSE, (Array:3))
#12 /home/gstc/public_html/wp-content/uploads/civicrm/ext/com.civibridge.gstc/CRM/Contribute/Form/Contribution/Confirm.php(1404): CRM_Contribute_Form_Contribution_Confirm->postProcessMembership((Array:55), "2768", Object(CRM_Contribute_Form_Contribution_Confirm), (Array:46), (Array:0), (Array:3), (Array:13), (Array:1), TRUE, NULL, FALSE, "2", (Array:1), FALSE)
#13 /home/gstc/public_html/wp-content/uploads/civicrm/ext/com.civibridge.gstc/CRM/Contribute/Form/Contribution/Confirm.php(2392): CRM_Contribute_Form_Contribution_Confirm->processMembership((Array:55), "2768", (Array:0), (Array:3), (Array:46), (Array:1))
#14 /home/gstc/public_html/wp-content/uploads/civicrm/ext/com.civibridge.gstc/CRM/Contribute/Form/Contribution/Confirm.php(2263): CRM_Contribute_Form_Contribution_Confirm->doMembershipProcessing("2768", (Array:54), (Array:46), (Array:1))
#15 /home/gstc/public_html/wp-content/uploads/civicrm/ext/com.civibridge.gstc/CRM/Contribute/Form/Contribution/Confirm.php(716): CRM_Contribute_Form_Contribution_Confirm->processFormSubmission(NULL)
#16 /home/gstc/public_html/wp-content/plugins/civicrm/civicrm/CRM/Core/Form.php(435): CRM_Contribute_Form_Contribution_Confirm->postProcess()
#17 /home/gstc/public_html/wp-content/plugins/civicrm/civicrm/CRM/Contribute/Form/Contribution/Main.php(1302): CRM_Core_Form->mainProcess()
#18 /home/gstc/public_html/wp-content/plugins/civicrm/civicrm/CRM/Contribute/Form/Contribution/Main.php(1036): CRM_Contribute_Form_Contribution_Main->skipToThankYouPage()
#19 /home/gstc/public_html/wp-content/plugins/civicrm/civicrm/CRM/Core/Form.php(435): CRM_Contribute_Form_Contribution_Main->postProcess()
#20 /home/gstc/public_html/wp-content/plugins/civicrm/civicrm/CRM/Core/QuickForm/Action/Upload.php(169): CRM_Core_Form->mainProcess()
#21 /home/gstc/public_html/wp-content/plugins/civicrm/civicrm/CRM/Core/QuickForm/Action/Upload.php(136): CRM_Core_QuickForm_Action_Upload->realPerform(Object(CRM_Contribute_Form_Contribution_Main), "upload")
#22 /home/gstc/public_html/wp-content/plugins/civicrm/civicrm/packages/HTML/QuickForm/Controller.php(203): CRM_Core_QuickForm_Action_Upload->perform(Object(CRM_Contribute_Form_Contribution_Main), "upload")
#23 /home/gstc/public_html/wp-content/plugins/civicrm/civicrm/packages/HTML/QuickForm/Page.php(103): HTML_QuickForm_Controller->handle(Object(CRM_Contribute_Form_Contribution_Main), "upload")
#24 /home/gstc/public_html/wp-content/plugins/civicrm/civicrm/CRM/Core/Controller.php(351): HTML_QuickForm_Page->handle("upload")
#25 /home/gstc/public_html/wp-content/plugins/civicrm/civicrm/CRM/Core/Invoke.php(310): CRM_Core_Controller->run((Array:3), NULL)
#26 /home/gstc/public_html/wp-content/plugins/civicrm/civicrm/CRM/Core/Invoke.php(84): CRM_Core_Invoke::runItem((Array:15))
#27 /home/gstc/public_html/wp-content/plugins/civicrm/civicrm/CRM/Core/Invoke.php(52): CRM_Core_Invoke::_invoke((Array:3))
#28 /home/gstc/public_html/wp-content/plugins/civicrm/civicrm.php(1227): CRM_Core_Invoke::invoke((Array:3))
#29 /home/gstc/public_html/wp-content/plugins/civicrm/includes/civicrm.basepage.php(132): CiviCRM_For_WordPress->invoke()
#30 [internal function](): CiviCRM_For_WordPress_Basepage->basepage_handler(Object(WP))
#31 /home/gstc/public_html/wp-includes/class-wp-hook.php(298): call_user_func_array((Array:2), (Array:1))
#32 /home/gstc/public_html/wp-includes/class-wp-hook.php(323): WP_Hook->apply_filters("", (Array:1))
#33 /home/gstc/public_html/wp-includes/plugin.php(515): WP_Hook->do_action((Array:1))
#34 /home/gstc/public_html/wp-includes/class-wp.php(746): do_action_ref_array("wp", (Array:1))
#35 /home/gstc/public_html/wp-includes/functions.php(955): WP->main("")
#36 /home/gstc/public_html/wp-blog-header.php(16): wp()
#37 /home/gstc/public_html/index.php(17): require("/home/gstc/public_html/wp-blog-header.php")
#38 {main}


